<?xml version="1.0" encoding="UTF-8"?>
<Site BuildName="Darwin-clang++"
	BuildStamp="20230922-1122-Experimental"
	Name="MacBook-Air-Vladimir-2.local"
	Generator="ctest-3.27.5"
	CompilerName="/usr/bin/clang++"
	CompilerVersion=""
	OSName="macOS"
	Hostname="MacBook-Air-Vladimir-2.local"
	OSRelease="13.5"
	OSVersion="22G74"
	OSPlatform="arm64"
	Is64Bits="1"
	VendorString="IBM"
	VendorID="IBM"
	FamilyID="16777228"
	ModelID="2"
	ProcessorCacheSize="131072"
	NumberOfLogicalCPU="8"
	NumberOfPhysicalCPU="8"
	TotalVirtualMemory="7168"
	TotalPhysicalMemory="16384"
	LogicalProcessorsPerPhysical="8"
	ProcessorClockFrequency="0"
	>
	<Testing>
		<StartDateTime>Sep 22 22:09 MSK</StartDateTime>
		<StartTestTime>1695409796</StartTestTime>
		<TestList/>
		<EndDateTime>Sep 22 22:09 MSK</EndDateTime>
		<EndTestTime>1695409796</EndTestTime>
		<ElapsedMinutes>0</ElapsedMinutes>
	</Testing>
</Site>
